\BOOKMARK [0][-]{section*.1}{\376\377\000P\000r\000e\000f\000a\000c\000e}{}% 1
\BOOKMARK [0][-]{section*.3}{\376\377\000C\000o\000n\000t\000e\000n\000t\000s}{}% 2
\BOOKMARK [0][-]{chapter.5}{\376\377\0001\000\040\000I\000n\000t\000r\000o\000d\000u\000c\000t\000i\000o\000n\000\040\000a\000n\000d\000\040\000O\000v\000e\000r\000v\000i\000e\000w\000\040}{}% 3
\BOOKMARK [0][-]{chapter.7}{\376\377\0002\000\040\000E\000l\000e\000c\000t\000r\000o\000m\000a\000g\000n\000e\000t\000i\000c\000\040\000W\000a\000v\000e\000\040\000P\000r\000o\000p\000a\000g\000a\000t\000i\000o\000n\000\040}{}% 4
\BOOKMARK [1][-]{section.8}{\376\377\0002\000.\0001\000\040\000E\000l\000e\000c\000t\000r\000o\000d\000y\000n\000a\000m\000i\000c\000s\000\040\000i\000n\000\040\000V\000a\000c\000u\000u\000m}{chapter.7}% 5
\BOOKMARK [2][-]{subsection.9}{\376\377\0002\000.\0001\000.\0001\000\040\000T\000h\000e\000\040\000M\000i\000c\000r\000o\000s\000c\000o\000p\000i\000c\000\040\000M\000a\000x\000w\000e\000l\000l\000-\000L\000o\000r\000e\000n\000t\000z\000\040\000E\000q\000u\000a\000t\000i\000o\000n\000s}{section.8}% 6
\BOOKMARK [2][-]{subsection.23}{\376\377\0002\000.\0001\000.\0002\000\040\000P\000o\000y\000n\000t\000i\000n\000g\000'\000s\000\040\000T\000h\000e\000o\000r\000e\000m\000\040\000i\000n\000\040\000V\000a\000c\000u\000u\000m}{section.8}% 7
\BOOKMARK [2][-]{subsection.36}{\376\377\0002\000.\0001\000.\0003\000\040\000E\000l\000e\000c\000t\000r\000o\000m\000a\000g\000n\000e\000t\000i\000c\000\040\000W\000a\000v\000e\000\040\000P\000r\000o\000p\000a\000g\000a\000t\000i\000o\000n\000\040\000i\000n\000\040\000V\000a\000c\000u\000u\000m}{section.8}% 8
\BOOKMARK [1][-]{section.64}{\376\377\0002\000.\0002\000\040\000I\000n\000h\000o\000m\000o\000g\000e\000n\000e\000o\000u\000s\000\040\000D\000i\000s\000p\000e\000r\000s\000i\000v\000e\000\040\000M\000e\000d\000i\000a}{chapter.7}% 9
\BOOKMARK [2][-]{subsection.74}{\376\377\0002\000.\0002\000.\0001\000\040\000C\000o\000n\000s\000t\000i\000t\000u\000t\000i\000v\000e\000\040\000R\000e\000l\000a\000t\000i\000o\000n\000s\000\040\000f\000o\000r\000\040\000I\000s\000o\000t\000r\000o\000p\000i\000c\000\040\000D\000i\000e\000l\000e\000c\000t\000r\000i\000c\000s}{section.64}% 10
\BOOKMARK [2][-]{subsection.95}{\376\377\0002\000.\0002\000.\0002\000\040\000P\000o\000y\000n\000t\000i\000n\000g\000'\000s\000\040\000T\000h\000e\000o\000r\000e\000m\000\040\000i\000n\000\040\000a\000\040\000D\000i\000s\000p\000e\000r\000s\000i\000v\000e\000\040\000M\000e\000d\000i\000u\000m}{section.64}% 11
\BOOKMARK [2][-]{subsection.105}{\376\377\0002\000.\0002\000.\0003\000\040\000E\000l\000e\000c\000t\000r\000o\000m\000a\000g\000n\000e\000t\000i\000c\000\040\000W\000a\000v\000e\000\040\000P\000r\000o\000p\000a\000g\000a\000t\000i\000o\000n\000\040\000i\000n\000\040\000a\000\040\000D\000i\000s\000p\000e\000r\000s\000i\000v\000e\000\040\000M\000e\000d\000i\000u\000m}{section.64}% 12
\BOOKMARK [2][-]{subsection.155}{\376\377\0002\000.\0002\000.\0004\000\040\000T\000i\000m\000e\000\040\000R\000e\000v\000e\000r\000s\000a\000l\000\040\000i\000n\000\040\000a\000\040\000D\000i\000s\000p\000e\000r\000s\000i\000v\000e\000\040\000M\000e\000d\000i\000u\000m}{section.64}% 13
\BOOKMARK [0][-]{chapter.169}{\376\377\0003\000\040\000L\000a\000s\000e\000r\000\040\000G\000a\000i\000n\000\040\000M\000e\000d\000i\000a}{}% 14
\BOOKMARK [1][-]{section.170}{\376\377\0003\000.\0001\000\040\000T\000h\000e\000\040\000D\000e\000n\000s\000i\000t\000y\000\040\000M\000a\000t\000r\000i\000x\000\040\000E\000q\000u\000a\000t\000i\000o\000n\000s\000\040\000o\000f\000\040\000M\000o\000t\000i\000o\000n}{chapter.169}% 15
\BOOKMARK [2][-]{subsection.171}{\376\377\0003\000.\0001\000.\0001\000\040\000T\000h\000e\000\040\000v\000o\000n\000\040\000N\000e\000u\000m\000a\000n\000n\000\040\000E\000v\000o\000l\000u\000t\000i\000o\000n\000\040\000E\000q\000u\000a\000t\000i\000o\000n\000s}{section.170}% 16
\BOOKMARK [2][-]{subsection.176}{\376\377\0003\000.\0001\000.\0002\000\040\000T\000h\000e\000\040\000L\000i\000o\000u\000v\000i\000l\000l\000e\000\040\000E\000v\000o\000l\000u\000t\000i\000o\000n\000\040\000E\000q\000u\000a\000t\000i\000o\000n\000s}{section.170}% 17
\BOOKMARK [1][-]{section.189}{\376\377\0003\000.\0002\000\040\000R\000a\000t\000e\000\040\000E\000q\000u\000a\000t\000i\000o\000n\000\040\000R\000e\000p\000r\000e\000s\000e\000n\000t\000a\000t\000i\000o\000n\000s\000\040\000o\000f\000\040\000M\000u\000l\000t\000i\000-\000L\000e\000v\000e\000l\000\040\000S\000y\000s\000t\000e\000m\000s}{chapter.169}% 18
\BOOKMARK [2][-]{subsection.190}{\376\377\0003\000.\0002\000.\0001\000\040\000T\000w\000o\000-\000L\000e\000v\000e\000l\000\040\000S\000y\000s\000t\000e\000m\000s}{section.189}% 19
\BOOKMARK [3][-]{subsubsection.224}{\376\377\0003\000.\0002\000.\0001\000.\0001\000\040\000L\000e\000v\000e\000l\000\040\000P\000o\000p\000u\000l\000a\000t\000i\000o\000n\000s\000\040\000a\000n\000d\000\040\000t\000h\000e\000\040\000M\000a\000c\000r\000o\000s\000c\000o\000p\000i\000c\000\040\000P\000o\000l\000a\000r\000i\000z\000a\000t\000i\000o\000n}{subsection.190}% 20
\BOOKMARK [2][-]{subsection.238}{\376\377\0003\000.\0002\000.\0002\000\040\000T\000h\000r\000e\000e\000-\000L\000e\000v\000e\000l\000\040\000S\000y\000s\000t\000e\000m\000s}{section.189}% 21
\BOOKMARK [2][-]{subsection.239}{\376\377\0003\000.\0002\000.\0003\000\040\000F\000o\000u\000r\000-\000L\000e\000v\000e\000l\000\040\000S\000y\000s\000t\000e\000m\000s}{section.189}% 22
\BOOKMARK [1][-]{section.252}{\376\377\0003\000.\0003\000\040\000S\000i\000n\000g\000l\000e\000-\000M\000o\000d\000e\000\040\000O\000n\000e\000-\000D\000i\000m\000e\000n\000s\000i\000o\000n\000a\000l\000\040\000L\000a\000s\000e\000r\000\040\000A\000m\000p\000l\000i\000f\000i\000e\000r\000\040\000E\000v\000o\000l\000u\000t\000i\000o\000n\000\040\000E\000q\000u\000a\000t\000i\000o\000n\000s}{chapter.169}% 23
\BOOKMARK [0][-]{chapter.276}{\376\377\0004\000\040\000L\000a\000s\000e\000r\000\040\000B\000e\000a\000m\000s\000\040\000a\000n\000d\000\040\000R\000e\000s\000o\000n\000a\000t\000o\000r\000s\000:\000\040\000O\000n\000e\000-\000D\000i\000m\000e\000n\000s\000i\000o\000n\000a\000l\000\040\000M\000o\000d\000e\000l\000s}{}% 24
\BOOKMARK [1][-]{section.277}{\376\377\0004\000.\0001\000\040\000S\000c\000a\000t\000t\000e\000r\000i\000n\000g\000\040\000M\000a\000t\000r\000i\000c\000e\000s\000\040\000i\000n\000\040\000t\000h\000e\000\040\000F\000r\000e\000q\000u\000e\000n\000c\000y\000\040\000D\000o\000m\000a\000i\000n}{chapter.276}% 25
\BOOKMARK [2][-]{subsection.278}{\376\377\0004\000.\0001\000.\0001\000\040\000D\000i\000e\000l\000e\000c\000t\000r\000i\000c\000\040\000R\000e\000g\000i\000o\000n\000s\000\040\000a\000n\000d\000\040\000W\000a\000v\000e\000g\000u\000i\000d\000e\000s}{section.277}% 26
\BOOKMARK [2][-]{subsection.292}{\376\377\0004\000.\0001\000.\0002\000\040\000M\000i\000r\000r\000o\000r\000s\000\040\000a\000n\000d\000\040\000G\000e\000n\000e\000r\000a\000l\000\040\000T\000w\000o\000-\000P\000o\000r\000t\000\040\000C\000o\000m\000p\000o\000n\000e\000n\000t\000s}{section.277}% 27
\BOOKMARK [2][-]{subsection.334}{\376\377\0004\000.\0001\000.\0003\000\040\000R\000e\000s\000o\000n\000a\000n\000t\000\040\000C\000a\000v\000i\000t\000i\000e\000s}{section.277}% 28
\BOOKMARK [1][-]{section.348}{\376\377\0004\000.\0002\000\040\000P\000r\000o\000p\000e\000r\000t\000i\000e\000s\000\040\000o\000f\000\040\000R\000e\000s\000o\000n\000a\000n\000t\000\040\000C\000a\000v\000i\000t\000i\000e\000s\000\040\000i\000n\000\040\000t\000h\000e\000\040\000T\000i\000m\000e\000\040\000a\000n\000d\000\040\000F\000r\000e\000q\000u\000e\000n\000c\000y\000\040\000D\000o\000m\000a\000i\000n\000s}{chapter.276}% 29
\BOOKMARK [2][-]{subsection.349}{\376\377\0004\000.\0002\000.\0001\000\040\000I\000n\000p\000u\000t\000-\000O\000u\000t\000p\000u\000t\000\040\000R\000e\000l\000a\000t\000i\000o\000n\000s\000\040\000f\000o\000r\000\040\000R\000e\000s\000o\000n\000a\000n\000t\000\040\000C\000a\000v\000i\000t\000i\000e\000s\000\040\000i\000n\000\040\000t\000h\000e\000\040\000T\000i\000m\000e\000\040\000D\000o\000m\000a\000i\000n}{section.348}% 30
\BOOKMARK [2][-]{subsection.365}{\376\377\0004\000.\0002\000.\0002\000\040\000I\000n\000p\000u\000t\000-\000O\000u\000t\000p\000u\000t\000\040\000R\000e\000l\000a\000t\000i\000o\000n\000s\000\040\000f\000o\000r\000\040\000R\000e\000s\000o\000n\000a\000n\000t\000\040\000C\000a\000v\000i\000t\000i\000e\000s\000\040\000i\000n\000\040\000t\000h\000e\000\040\000F\000r\000e\000q\000u\000e\000n\000c\000y\000\040\000D\000o\000m\000a\000i\000n}{section.348}% 31
\BOOKMARK [3][-]{subsubsection.366}{\376\377\0004\000.\0002\000.\0002\000.\0001\000\040\000P\000a\000r\000t\000i\000a\000l\000-\000F\000r\000a\000c\000t\000i\000o\000n\000\040\000E\000x\000p\000a\000n\000s\000i\000o\000n\000\040\000o\000f\000\040\000t\000h\000e\000\040\000S\000c\000a\000t\000t\000e\000r\000i\000n\000g\000\040\000M\000a\000t\000r\000i\000x}{subsection.365}% 32
\BOOKMARK [3][-]{subsubsection.381}{\376\377\0004\000.\0002\000.\0002\000.\0002\000\040\000F\000i\000n\000e\000s\000s\000e\000\040\000a\000n\000d\000\040\000O\000t\000h\000e\000r\000\040\000P\000r\000o\000p\000e\000r\000t\000i\000e\000s\000\040\000o\000f\000\040\000R\000e\000s\000o\000n\000a\000n\000t\000\040\000C\000a\000v\000i\000t\000i\000e\000s}{subsection.365}% 33
\BOOKMARK [3][-]{subsubsection.399}{\376\377\0004\000.\0002\000.\0002\000.\0003\000\040\000R\000e\000s\000o\000n\000a\000n\000t\000\040\000C\000a\000v\000i\000t\000i\000e\000s\000\040\000a\000s\000\040\000L\000i\000n\000e\000a\000r\000\040\000F\000i\000l\000t\000e\000r\000s}{subsection.365}% 34
\BOOKMARK [1][-]{section.405}{\376\377\0004\000.\0003\000\040\000Q\000u\000a\000s\000i\000-\000N\000o\000r\000m\000a\000l\000\040\000M\000o\000d\000e\000s}{chapter.276}% 35
\BOOKMARK [2][-]{subsection.410}{\376\377\0004\000.\0003\000.\0001\000\040\000E\000i\000g\000e\000n\000f\000u\000n\000c\000t\000i\000o\000n\000s\000\040\000o\000f\000\040\000a\000\040\0001\000D\000\040\000U\000n\000i\000d\000i\000r\000e\000c\000t\000i\000o\000n\000a\000l\000\040\000R\000i\000n\000g\000\040\000R\000e\000s\000o\000n\000a\000t\000o\000r}{section.405}% 36
\BOOKMARK [2][-]{subsection.427}{\376\377\0004\000.\0003\000.\0002\000\040\000B\000i\000o\000r\000t\000h\000o\000g\000o\000n\000a\000l\000i\000t\000y\000\040\000a\000n\000d\000\040\000C\000o\000m\000p\000l\000e\000t\000e\000n\000e\000s\000s\000\040\000o\000f\000\040\000t\000h\000e\000\040\000E\000i\000g\000e\000n\000f\000u\000n\000c\000t\000i\000o\000n\000s}{section.405}% 37
\BOOKMARK [2][-]{subsection.452}{\376\377\0004\000.\0003\000.\0003\000\040\000E\000i\000g\000e\000n\000f\000u\000n\000c\000t\000i\000o\000n\000s\000\040\000o\000f\000\040\000a\000\040\0001\000D\000\040\000S\000t\000a\000n\000d\000i\000n\000g\000-\000W\000a\000v\000e\000\040\000R\000e\000s\000o\000n\000a\000t\000o\000r}{section.405}% 38
\BOOKMARK [1][-]{section.486}{\376\377\0004\000.\0004\000\040\000T\000e\000m\000p\000o\000r\000a\000l\000\040\000C\000o\000u\000p\000l\000e\000d\000-\000M\000o\000d\000e\000\040\000T\000h\000e\000o\000r\000y}{chapter.276}% 39
\BOOKMARK [2][-]{subsection.487}{\376\377\0004\000.\0004\000.\0001\000\040\000O\000n\000e\000-\000D\000i\000m\000e\000n\000s\000i\000o\000n\000a\000l\000\040\000U\000n\000i\000d\000i\000r\000e\000c\000t\000i\000o\000n\000a\000l\000\040\000R\000i\000n\000g\000\040\000R\000e\000s\000o\000n\000a\000t\000o\000r}{section.486}% 40
\BOOKMARK [2][-]{subsection.500}{\376\377\0004\000.\0004\000.\0002\000\040\000O\000n\000e\000-\000D\000i\000m\000e\000n\000s\000i\000o\000n\000a\000l\000\040\000S\000t\000a\000n\000d\000i\000n\000g\000-\000W\000a\000v\000e\000\040\000R\000e\000s\000o\000n\000a\000t\000o\000r}{section.486}% 41
\BOOKMARK [0][-]{chapter.505}{\376\377\0005\000\040\000O\000n\000e\000-\000d\000i\000m\000e\000n\000s\000i\000o\000n\000a\000l\000\040\000S\000i\000n\000g\000l\000e\000-\000M\000o\000d\000e\000\040\000C\000o\000n\000t\000i\000n\000u\000o\000u\000s\000-\000W\000a\000v\000e\000\040\000L\000a\000s\000e\000r\000s}{}% 42
\BOOKMARK [1][-]{section.516}{\376\377\0005\000.\0001\000\040\000N\000o\000n\000l\000i\000n\000e\000a\000r\000\040\000G\000a\000i\000n\000\040\000a\000n\000d\000\040\000P\000h\000a\000s\000e\000\040\000S\000h\000i\000f\000t\000s\000\040\000i\000n\000\040\000U\000n\000i\000d\000i\000r\000e\000c\000t\000i\000o\000n\000a\000l\000\040\000L\000a\000s\000e\000r\000\040\000A\000m\000p\000l\000i\000f\000i\000e\000r\000s}{chapter.505}% 43
\BOOKMARK [1][-]{section.538}{\376\377\0005\000.\0002\000\040\000A\000p\000p\000r\000o\000x\000i\000m\000a\000t\000e\000\040\000C\000o\000n\000t\000i\000n\000u\000o\000u\000s\000-\000W\000a\000v\000e\000\040\000S\000i\000n\000g\000l\000e\000-\000M\000o\000d\000e\000\040\000L\000a\000s\000e\000r\000\040\000M\000o\000d\000e\000l\000s}{chapter.505}% 44
\BOOKMARK [1][-]{section.594}{\376\377\0005\000.\0003\000\040\000O\000n\000e\000-\000D\000i\000m\000e\000n\000s\000i\000o\000n\000a\000l\000\040\000U\000n\000i\000d\000i\000r\000e\000c\000t\000i\000o\000n\000a\000l\000\040\000R\000i\000n\000g\000\040\000L\000a\000s\000e\000r\000s}{chapter.505}% 45
\BOOKMARK [1][-]{section.608}{\376\377\0005\000.\0004\000\040\000S\000p\000a\000t\000i\000a\000l\000\040\000I\000n\000t\000e\000r\000f\000e\000r\000e\000n\000c\000e\000\040\000i\000n\000\040\000O\000n\000e\000-\000D\000i\000m\000e\000n\000s\000i\000o\000n\000a\000l\000\040\000S\000t\000a\000n\000d\000i\000n\000g\000-\000W\000a\000v\000e\000\040\000L\000a\000s\000e\000r\000s}{chapter.505}% 46
\BOOKMARK [2][-]{subsection.626}{\376\377\0005\000.\0004\000.\0001\000\040\000R\000i\000g\000r\000o\000d\000'\000s\000\040\000M\000o\000d\000e\000l}{section.608}% 47
\BOOKMARK [2][-]{subsection.660}{\376\377\0005\000.\0004\000.\0002\000\040\000A\000g\000r\000a\000w\000a\000l\000\040\000a\000n\000d\000\040\000L\000a\000x\000'\000s\000\040\000M\000o\000d\000e\000l}{section.608}% 48
\BOOKMARK [1][-]{section.709}{\376\377\0005\000.\0005\000\040\000O\000n\000e\000-\000D\000i\000m\000e\000n\000s\000i\000o\000n\000a\000l\000\040\000S\000i\000n\000g\000l\000e\000\040\000M\000o\000d\000e\000\040\000S\000e\000m\000i\000c\000o\000n\000d\000u\000c\000t\000o\000r\000\040\000L\000a\000s\000e\000r\000\040\000M\000o\000d\000e\000l\000s}{chapter.505}% 49
\BOOKMARK [2][-]{subsection.710}{\376\377\0005\000.\0005\000.\0001\000\040\000L\000i\000n\000e\000w\000i\000d\000t\000h\000\040\000E\000n\000h\000a\000n\000c\000e\000m\000e\000n\000t\000\040\000F\000a\000c\000t\000o\000r}{section.709}% 50
\BOOKMARK [2][-]{subsection.718}{\376\377\0005\000.\0005\000.\0002\000\040\000F\000r\000e\000q\000u\000e\000n\000c\000y\000\040\000P\000u\000l\000l\000i\000n\000g\000\040\000a\000n\000d\000\040\000D\000i\000s\000p\000e\000r\000s\000i\000o\000n}{section.709}% 51
\BOOKMARK [0][-]{chapter.725}{\376\377\0006\000\040\000O\000n\000e\000-\000d\000i\000m\000e\000n\000s\000i\000o\000n\000a\000l\000\040\000S\000i\000n\000g\000l\000e\000-\000M\000o\000d\000e\000\040\000L\000a\000s\000e\000r\000\040\000D\000y\000n\000a\000m\000i\000c\000s}{}% 52
\BOOKMARK [1][-]{section.726}{\376\377\0006\000.\0001\000\040\000L\000a\000s\000e\000r\000\040\000A\000m\000p\000l\000i\000f\000i\000e\000r\000s\000:\000\040\000M\000o\000d\000e\000l\000\040\000o\000f\000\040\000O\000n\000e\000-\000D\000i\000m\000e\000n\000s\000i\000o\000n\000a\000l\000\040\000P\000u\000l\000s\000e\000\040\000P\000r\000o\000p\000a\000g\000a\000t\000i\000o\000n}{chapter.725}% 53
\BOOKMARK [1][-]{section.789}{\376\377\0006\000.\0002\000\040\000A\000p\000p\000r\000o\000x\000i\000m\000a\000t\000e\000\040\000S\000i\000n\000g\000l\000e\000-\000M\000o\000d\000e\000\040\000E\000v\000o\000l\000u\000t\000i\000o\000n\000\040\000E\000q\000u\000a\000t\000i\000o\000n\000s}{chapter.725}% 54
\BOOKMARK [1][-]{section.797}{\376\377\0006\000.\0003\000\040\000L\000a\000s\000e\000r\000\040\000O\000s\000c\000i\000l\000l\000a\000t\000o\000r\000s\000:\000\040\000O\000n\000e\000-\000D\000i\000m\000e\000n\000s\000i\000o\000n\000a\000l\000\040\000S\000i\000n\000g\000l\000e\000-\000M\000o\000d\000e\000\040\000D\000y\000n\000a\000m\000i\000c\000a\000l\000\040\000M\000o\000d\000e\000l\000s}{chapter.725}% 55
\BOOKMARK [2][-]{subsection.798}{\376\377\0006\000.\0003\000.\0001\000\040\000T\000h\000e\000\040\000R\000a\000t\000e\000\040\000E\000q\000u\000a\000t\000i\000o\000n\000\040\000A\000p\000p\000r\000o\000x\000i\000m\000a\000t\000i\000o\000n}{section.797}% 56
\BOOKMARK [2][-]{subsection.819}{\376\377\0006\000.\0003\000.\0002\000\040\000G\000a\000i\000n\000-\000S\000w\000i\000t\000c\000h\000e\000d\000\040\000L\000a\000s\000e\000r\000s}{section.797}% 57
\BOOKMARK [2][-]{subsection.820}{\376\377\0006\000.\0003\000.\0003\000\040\000Q\000-\000S\000w\000i\000t\000c\000h\000e\000d\000\040\000L\000a\000s\000e\000r\000s}{section.797}% 58
\BOOKMARK [0][-]{chapter.821}{\376\377\0007\000\040\000O\000n\000e\000-\000d\000i\000m\000e\000n\000s\000i\000o\000n\000a\000l\000\040\000M\000u\000l\000t\000i\000-\000M\000o\000d\000e\000\040\000L\000a\000s\000e\000r\000\040\000D\000y\000n\000a\000m\000i\000c\000s}{}% 59
\BOOKMARK [1][-]{section.823}{\376\377\0007\000.\0001\000\040\000O\000n\000e\000-\000D\000i\000m\000e\000n\000s\000i\000o\000n\000a\000l\000\040\000M\000u\000l\000t\000i\000-\000M\000o\000d\000e\000\040\000L\000a\000s\000e\000r\000\040\000E\000v\000o\000l\000u\000t\000i\000o\000n\000\040\000E\000q\000u\000a\000t\000i\000o\000n\000s}{chapter.821}% 60
\BOOKMARK [1][-]{section.861}{\376\377\0007\000.\0002\000\040\000F\000r\000e\000q\000u\000e\000n\000c\000y\000\040\000S\000h\000i\000f\000t\000s\000\040\000i\000n\000\040\000O\000n\000e\000-\000D\000i\000m\000e\000n\000s\000i\000o\000n\000a\000l\000\040\000M\000u\000l\000t\000i\000m\000o\000d\000e\000\040\000L\000a\000s\000e\000r\000s}{chapter.821}% 61
\BOOKMARK [2][-]{subsection.862}{\376\377\0007\000.\0002\000.\0001\000\040\000F\000r\000e\000q\000u\000e\000n\000c\000y\000\040\000P\000u\000l\000l\000i\000n\000g}{section.861}% 62
\BOOKMARK [2][-]{subsection.872}{\376\377\0007\000.\0002\000.\0002\000\040\000D\000i\000s\000p\000e\000r\000s\000i\000o\000n}{section.861}% 63
\BOOKMARK [1][-]{section.879}{\376\377\0007\000.\0003\000\040\000I\000n\000j\000e\000c\000t\000i\000o\000n\000-\000S\000e\000e\000d\000e\000d\000\040\000G\000a\000i\000n\000-\000S\000w\000i\000t\000c\000h\000e\000d\000\040\000L\000a\000s\000e\000r\000s}{chapter.821}% 64
\BOOKMARK [2][-]{subsection.884}{\376\377\0007\000.\0003\000.\0001\000\040\000U\000n\000i\000d\000i\000r\000e\000c\000t\000i\000o\000n\000a\000l\000\040\000R\000i\000n\000g\000\040\000L\000a\000s\000e\000r\000s}{section.879}% 65
\BOOKMARK [2][-]{subsection.888}{\376\377\0007\000.\0003\000.\0002\000\040\000S\000t\000a\000n\000d\000i\000n\000g\000-\000W\000a\000v\000e\000\040\000L\000a\000s\000e\000r\000s}{section.879}% 66
\BOOKMARK [1][-]{section.897}{\376\377\0007\000.\0004\000\040\000P\000a\000s\000s\000i\000v\000e\000l\000y\000\040\000M\000o\000d\000e\000-\000L\000o\000c\000k\000e\000d\000\040\000L\000a\000s\000e\000r\000s}{chapter.821}% 67
\BOOKMARK [2][-]{subsection.905}{\376\377\0007\000.\0004\000.\0001\000\040\000N\000u\000m\000e\000r\000i\000c\000s}{section.897}% 68
\BOOKMARK [3][-]{subsubsection.922}{\376\377\0007\000.\0004\000.\0001\000.\0001\000\040\000P\000r\000e\000l\000i\000m\000i\000n\000a\000r\000y\000\040\000S\000o\000l\000v\000e\000r}{subsection.905}% 69
\BOOKMARK [3][-]{subsubsection.931}{\376\377\0007\000.\0004\000.\0001\000.\0002\000\040\000P\000o\000w\000e\000r\000\040\000S\000p\000e\000c\000t\000r\000a\000l\000\040\000D\000e\000n\000s\000i\000t\000y}{subsection.905}% 70
\BOOKMARK [3][-]{subsubsection.939}{\376\377\0007\000.\0004\000.\0001\000.\0003\000\040\000C\000h\000a\000o\000t\000i\000c\000\040\000B\000e\000h\000a\000v\000i\000o\000r}{subsection.905}% 71
\BOOKMARK [3][-]{subsubsection.940}{\376\377\0007\000.\0004\000.\0001\000.\0004\000\040\000P\000a\000s\000s\000i\000v\000e\000\040\000T\000e\000m\000p\000o\000r\000a\000l\000\040\000M\000o\000d\000e\000-\000L\000o\000c\000k\000i\000n\000g\000\040\000w\000i\000t\000h\000\040\000a\000\040\000S\000a\000t\000u\000r\000a\000b\000l\000e\000\040\000A\000b\000s\000o\000r\000b\000e\000r}{subsection.905}% 72
\BOOKMARK [3][-]{subsubsection.941}{\376\377\0007\000.\0004\000.\0001\000.\0005\000\040\000P\000a\000s\000s\000i\000v\000e\000\040\000F\000r\000e\000q\000u\000e\000n\000c\000y\000\040\000M\000o\000d\000e\000-\000L\000o\000c\000k\000i\000n\000g}{subsection.905}% 73
\BOOKMARK [1][-]{section.942}{\376\377\0007\000.\0005\000\040\000M\000e\000a\000n\000-\000F\000i\000e\000l\000d\000\040\000L\000a\000s\000e\000r\000\040\000T\000h\000e\000o\000r\000y}{chapter.821}% 74
\BOOKMARK [0][-]{chapter.1048}{\376\377\0008\000\040\000L\000a\000s\000e\000r\000\040\000B\000e\000a\000m\000s\000\040\000a\000n\000d\000\040\000R\000e\000s\000o\000n\000a\000t\000o\000r\000s\000:\000\040\000T\000h\000r\000e\000e\000-\000D\000i\000m\000e\000n\000s\000i\000o\000n\000a\000l\000\040\000M\000o\000d\000e\000l\000s}{}% 75
\BOOKMARK [0][-]{appendix.1049}{\376\377\000A\000\040\000M\000a\000t\000h\000e\000m\000a\000t\000i\000c\000a\000l\000\040\000P\000r\000e\000l\000i\000m\000i\000n\000a\000r\000i\000e\000s}{}% 76
\BOOKMARK [1][-]{section.1050}{\376\377\000A\000.\0001\000\040\000T\000i\000m\000e\000\040\000A\000v\000e\000r\000a\000g\000i\000n\000g\000\040\000N\000e\000a\000r\000l\000y\000\040\000H\000a\000r\000m\000o\000n\000i\000c\000\040\000V\000a\000r\000i\000a\000b\000l\000e\000s}{appendix.1049}% 77
\BOOKMARK [1][-]{section.1059}{\376\377\000A\000.\0002\000\040\000I\000n\000t\000e\000g\000r\000a\000t\000i\000n\000g\000\040\000P\000e\000r\000i\000o\000d\000i\000c\000\040\000F\000u\000n\000c\000t\000i\000o\000n\000s}{appendix.1049}% 78
\BOOKMARK [1][-]{section.1063}{\376\377\000A\000.\0003\000\040\000F\000o\000u\000r\000i\000e\000r\000\040\000T\000r\000a\000n\000s\000f\000o\000r\000m\000s}{appendix.1049}% 79
\BOOKMARK [2][-]{subsection.1064}{\376\377\000A\000.\0003\000.\0001\000\040\000D\000e\000f\000i\000n\000i\000t\000i\000o\000n\000\040\000o\000f\000\040\000S\000p\000a\000t\000i\000o\000t\000e\000m\000p\000o\000r\000a\000l\000\040\000F\000o\000u\000r\000i\000e\000r\000\040\000T\000r\000a\000n\000s\000f\000o\000r\000m\000s}{section.1063}% 80
\BOOKMARK [2][-]{subsection.1075}{\376\377\000A\000.\0003\000.\0002\000\040\000C\000o\000m\000p\000l\000e\000x\000\040\000C\000o\000n\000j\000u\000g\000a\000t\000e\000s}{section.1063}% 81
\BOOKMARK [2][-]{subsection.1078}{\376\377\000A\000.\0003\000.\0003\000\040\000S\000h\000i\000f\000t\000\040\000T\000h\000e\000o\000r\000e\000m}{section.1063}% 82
\BOOKMARK [2][-]{subsection.1080}{\376\377\000A\000.\0003\000.\0004\000\040\000D\000e\000r\000i\000v\000a\000t\000i\000v\000e\000\040\000T\000h\000e\000o\000r\000e\000m}{section.1063}% 83
\BOOKMARK [2][-]{subsection.1083}{\376\377\000A\000.\0003\000.\0005\000\040\000P\000o\000w\000e\000r\000\040\000T\000h\000e\000o\000r\000e\000m}{section.1063}% 84
\BOOKMARK [2][-]{subsection.1086}{\376\377\000A\000.\0003\000.\0006\000\040\000C\000o\000n\000v\000o\000l\000u\000t\000i\000o\000n\000\040\000T\000h\000e\000o\000r\000e\000m}{section.1063}% 85
\BOOKMARK [1][-]{section.1094}{\376\377\000A\000.\0004\000\040\000F\000i\000r\000s\000t\000-\000O\000r\000d\000e\000r\000\040\000O\000r\000d\000i\000n\000a\000r\000y\000\040\000D\000i\000f\000f\000e\000r\000e\000n\000t\000i\000a\000l\000\040\000E\000q\000u\000a\000t\000i\000o\000n\000s}{appendix.1049}% 86
\BOOKMARK [1][-]{section.1103}{\376\377\000A\000.\0005\000\040\000T\000h\000e\000\040\000D\000i\000r\000a\000c\000\040\000D\000e\000l\000t\000a\000\040\000F\000u\000n\000c\000t\000i\000o\000n}{appendix.1049}% 87
\BOOKMARK [2][-]{subsection.1104}{\376\377\000A\000.\0005\000.\0001\000\040\000F\000o\000u\000r\000i\000e\000r\000\040\000T\000r\000a\000n\000s\000f\000o\000r\000m}{section.1103}% 88
\BOOKMARK [2][-]{subsection.1107}{\376\377\000A\000.\0005\000.\0002\000\040\000C\000o\000m\000p\000o\000s\000i\000t\000i\000o\000n\000\040\000w\000i\000t\000h\000\040\000a\000\040\000F\000u\000n\000c\000t\000i\000o\000n}{section.1103}% 89
\BOOKMARK [1][-]{section.1109}{\376\377\000A\000.\0006\000\040\000V\000e\000c\000t\000o\000r\000\040\000I\000d\000e\000n\000t\000i\000t\000i\000e\000s}{appendix.1049}% 90
\BOOKMARK [0][-]{appendix.1145}{\376\377\000B\000\040\000N\000u\000m\000e\000r\000i\000c\000a\000l\000\040\000P\000r\000e\000l\000i\000m\000i\000n\000a\000r\000i\000e\000s}{}% 91
\BOOKMARK [1][-]{section.1146}{\376\377\000B\000.\0001\000\040\000G\000a\000u\000s\000s\000i\000a\000n\000\040\000Q\000u\000a\000d\000r\000a\000t\000u\000r\000e}{appendix.1145}% 92
\BOOKMARK [2][-]{subsection.1157}{\376\377\000B\000.\0001\000.\0001\000\040\000L\000e\000g\000e\000n\000d\000r\000e\000\040\000P\000o\000l\000y\000n\000o\000m\000i\000a\000l\000s}{section.1146}% 93
\BOOKMARK [2][-]{subsection.1225}{\376\377\000B\000.\0001\000.\0002\000\040\000H\000e\000r\000m\000i\000t\000e\000\040\000P\000o\000l\000y\000n\000o\000m\000i\000a\000l\000s}{section.1146}% 94
\BOOKMARK [2][-]{subsection.1294}{\376\377\000B\000.\0001\000.\0003\000\040\000L\000a\000g\000u\000e\000r\000r\000e\000\040\000P\000o\000l\000y\000n\000o\000m\000i\000a\000l\000s}{section.1146}% 95
\BOOKMARK [0][-]{section*.1363}{\376\377\000B\000i\000b\000l\000i\000o\000g\000r\000a\000p\000h\000y}{}% 96
\BOOKMARK [0][-]{section*.1365}{\376\377\000I\000n\000d\000e\000x}{}% 97
